Determining if the pthread_create exist failed with the following output:
Change Dir: /home/nwhu/catkin_ws/build/CMakeFiles/CMakeTmp

Run Build Command:"/usr/bin/make" "cmTC_7e087/fast"
/usr/bin/make -f CMakeFiles/cmTC_7e087.dir/build.make CMakeFiles/cmTC_7e087.dir/build
make[1]: Entering directory '/home/nwhu/catkin_ws/build/CMakeFiles/CMakeTmp'
Building C object CMakeFiles/cmTC_7e087.dir/CheckSymbolExists.c.o
/usr/bin/cc    -o CMakeFiles/cmTC_7e087.dir/CheckSymbolExists.c.o   -c /home/nwhu/catkin_ws/build/CMakeFiles/CMakeTmp/CheckSymbolExists.c
Linking C executable cmTC_7e087
/usr/bin/cmake -E cmake_link_script CMakeFiles/cmTC_7e087.dir/link.txt --verbose=1
/usr/bin/cc      -rdynamic CMakeFiles/cmTC_7e087.dir/CheckSymbolExists.c.o  -o cmTC_7e087 
CMakeFiles/cmTC_7e087.dir/CheckSymbolExists.c.o: In function `main':
CheckSymbolExists.c:(.text+0x1b): undefined reference to `pthread_create'
collect2: error: ld returned 1 exit status
CMakeFiles/cmTC_7e087.dir/build.make:97: recipe for target 'cmTC_7e087' failed
make[1]: *** [cmTC_7e087] Error 1
make[1]: Leaving directory '/home/nwhu/catkin_ws/build/CMakeFiles/CMakeTmp'
Makefile:126: recipe for target 'cmTC_7e087/fast' failed
make: *** [cmTC_7e087/fast] Error 2

File /home/nwhu/catkin_ws/build/CMakeFiles/CMakeTmp/CheckSymbolExists.c:
/* */
#include <pthread.h>

int main(int argc, char** argv)
{
  (void)argv;
#ifndef pthread_create
  return ((int*)(&pthread_create))[argc];
#else
  (void)argc;
  return 0;
#endif
}

Determining if the function pthread_create exists in the pthreads failed with the following output:
Change Dir: /home/nwhu/catkin_ws/build/CMakeFiles/CMakeTmp

Run Build Command:"/usr/bin/make" "cmTC_d2d82/fast"
/usr/bin/make -f CMakeFiles/cmTC_d2d82.dir/build.make CMakeFiles/cmTC_d2d82.dir/build
make[1]: Entering directory '/home/nwhu/catkin_ws/build/CMakeFiles/CMakeTmp'
Building C object CMakeFiles/cmTC_d2d82.dir/CheckFunctionExists.c.o
/usr/bin/cc   -DCHECK_FUNCTION_EXISTS=pthread_create   -o CMakeFiles/cmTC_d2d82.dir/CheckFunctionExists.c.o   -c /usr/share/cmake-3.10/Modules/CheckFunctionExists.c
Linking C executable cmTC_d2d82
/usr/bin/cmake -E cmake_link_script CMakeFiles/cmTC_d2d82.dir/link.txt --verbose=1
/usr/bin/cc  -DCHECK_FUNCTION_EXISTS=pthread_create    -rdynamic CMakeFiles/cmTC_d2d82.dir/CheckFunctionExists.c.o  -o cmTC_d2d82 -lpthreads 
/usr/bin/ld: cannot find -lpthreads
collect2: error: ld returned 1 exit status
CMakeFiles/cmTC_d2d82.dir/build.make:97: recipe for target 'cmTC_d2d82' failed
make[1]: *** [cmTC_d2d82] Error 1
make[1]: Leaving directory '/home/nwhu/catkin_ws/build/CMakeFiles/CMakeTmp'
Makefile:126: recipe for target 'cmTC_d2d82/fast' failed
make: *** [cmTC_d2d82/fast] Error 2


